2025-07-18 14:08:42 [main] INFO  r.r.w.y.s.SyntheticHumanCoreApplication - Starting SyntheticHumanCoreApplication using Java 23.0.1 with PID 22116 (D:\Program Files\IntelliJ IDEA\Projects\T1-debut-Weyland-Yutani\synthetic-human-core\target\classes started by zaool in D:\Program Files\IntelliJ IDEA\Projects\T1-debut-Weyland-Yutani)
2025-07-18 14:08:42 [main] INFO  r.r.w.y.s.SyntheticHumanCoreApplication - The following 1 profile is active: "local"
2025-07-18 14:08:43 [main] DEBUG o.s.a.a.a.ReflectiveAspectJAdvisorFactory - Found AspectJ method: public java.lang.Object ru.romanov.weyland.yutani.synthetic.audit.AuditAspect.auditMethod(org.aspectj.lang.ProceedingJoinPoint,ru.romanov.weyland.yutani.synthetic.audit.WeylandWatchingYou) throws java.lang.Throwable
2025-07-18 14:08:44 [main] INFO  o.s.b.w.e.tomcat.TomcatWebServer - Tomcat initialized with port 8080 (http)
2025-07-18 14:08:44 [main] INFO  o.a.catalina.core.StandardService - Starting service [Tomcat]
2025-07-18 14:08:44 [main] INFO  o.a.catalina.core.StandardEngine - Starting Servlet engine: [Apache Tomcat/10.1.42]
2025-07-18 14:08:44 [main] INFO  o.a.c.c.C.[Tomcat].[localhost].[/] - Initializing Spring embedded WebApplicationContext
2025-07-18 14:08:44 [main] INFO  o.s.b.w.s.c.ServletWebServerApplicationContext - Root WebApplicationContext: initialization completed in 1336 ms
2025-07-18 14:08:44 [main] INFO  r.r.w.y.s.service.CommandService - Synthetic Command Service инициализирован
2025-07-18 14:08:44 [main] INFO  r.r.w.y.s.service.CommandService - Размер очереди: 1000, Пул потоков: 5-10
2025-07-18 14:08:45 [main] INFO  o.s.b.a.e.web.EndpointLinksResolver - Exposing 3 endpoints beneath base path '/actuator'
2025-07-18 14:08:45 [main] INFO  o.s.b.w.e.tomcat.TomcatWebServer - Tomcat started on port 8080 (http) with context path '/'
2025-07-18 14:08:45 [main] INFO  r.r.w.y.s.SyntheticHumanCoreApplication - Started SyntheticHumanCoreApplication in 2.709 seconds (process running for 3.295)
2025-07-18 14:08:45 [RMI TCP Connection(5)-192.168.0.2] INFO  o.a.c.c.C.[Tomcat].[localhost].[/] - Initializing Spring DispatcherServlet 'dispatcherServlet'
2025-07-18 14:08:45 [RMI TCP Connection(5)-192.168.0.2] INFO  o.s.web.servlet.DispatcherServlet - Initializing Servlet 'dispatcherServlet'
2025-07-18 14:08:45 [RMI TCP Connection(5)-192.168.0.2] INFO  o.s.web.servlet.DispatcherServlet - Completed initialization in 1 ms
2025-07-18 14:09:45 [SpringApplicationShutdownHook] INFO  o.s.b.w.e.tomcat.GracefulShutdown - Commencing graceful shutdown. Waiting for active requests to complete
2025-07-18 14:09:45 [tomcat-shutdown] INFO  o.s.b.w.e.tomcat.GracefulShutdown - Graceful shutdown complete
2025-07-18 14:09:45 [SpringApplicationShutdownHook] INFO  r.r.w.y.s.service.CommandService - Synthetic Command Service остановлен
2025-07-18 14:37:07 [main] INFO  r.r.w.y.s.SyntheticHumanCoreApplication - Starting SyntheticHumanCoreApplication using Java 23.0.1 with PID 25680 (D:\Program Files\IntelliJ IDEA\Projects\T1-debut-Weyland-Yutani\synthetic-human-core\target\classes started by zaool in D:\Program Files\IntelliJ IDEA\Projects\T1-debut-Weyland-Yutani)
2025-07-18 14:37:07 [main] INFO  r.r.w.y.s.SyntheticHumanCoreApplication - The following 1 profile is active: "local"
2025-07-18 14:37:08 [main] DEBUG o.s.a.a.a.ReflectiveAspectJAdvisorFactory - Found AspectJ method: public java.lang.Object ru.romanov.weyland.yutani.synthetic.audit.AuditAspect.auditMethod(org.aspectj.lang.ProceedingJoinPoint,ru.romanov.weyland.yutani.synthetic.audit.WeylandWatchingYou) throws java.lang.Throwable
2025-07-18 14:37:08 [main] INFO  o.s.b.w.e.tomcat.TomcatWebServer - Tomcat initialized with port 8080 (http)
2025-07-18 14:37:08 [main] INFO  o.a.catalina.core.StandardService - Starting service [Tomcat]
2025-07-18 14:37:08 [main] INFO  o.a.catalina.core.StandardEngine - Starting Servlet engine: [Apache Tomcat/10.1.42]
2025-07-18 14:37:08 [main] INFO  o.a.c.c.C.[Tomcat].[localhost].[/] - Initializing Spring embedded WebApplicationContext
2025-07-18 14:37:08 [main] INFO  o.s.b.w.s.c.ServletWebServerApplicationContext - Root WebApplicationContext: initialization completed in 1168 ms
2025-07-18 14:37:09 [main] INFO  r.r.w.y.s.service.CommandService - Synthetic Command Service инициализирован
2025-07-18 14:37:09 [main] INFO  r.r.w.y.s.service.CommandService - Размер очереди: 1000, Пул потоков: 5-10
2025-07-18 14:37:09 [main] INFO  o.s.b.a.e.web.EndpointLinksResolver - Exposing 3 endpoints beneath base path '/actuator'
2025-07-18 14:37:09 [main] INFO  o.s.b.w.e.tomcat.TomcatWebServer - Tomcat started on port 8080 (http) with context path '/'
2025-07-18 14:37:09 [main] INFO  r.r.w.y.s.SyntheticHumanCoreApplication - Started SyntheticHumanCoreApplication in 2.48 seconds (process running for 2.998)
2025-07-18 14:37:10 [RMI TCP Connection(5)-192.168.0.2] INFO  o.a.c.c.C.[Tomcat].[localhost].[/] - Initializing Spring DispatcherServlet 'dispatcherServlet'
2025-07-18 14:37:10 [RMI TCP Connection(5)-192.168.0.2] INFO  o.s.web.servlet.DispatcherServlet - Initializing Servlet 'dispatcherServlet'
2025-07-18 14:37:10 [RMI TCP Connection(5)-192.168.0.2] INFO  o.s.web.servlet.DispatcherServlet - Completed initialization in 1 ms
2025-07-18 14:39:42 [SpringApplicationShutdownHook] INFO  o.s.b.w.e.tomcat.GracefulShutdown - Commencing graceful shutdown. Waiting for active requests to complete
2025-07-18 14:39:42 [tomcat-shutdown] INFO  o.s.b.w.e.tomcat.GracefulShutdown - Graceful shutdown complete
2025-07-18 14:39:42 [SpringApplicationShutdownHook] INFO  r.r.w.y.s.service.CommandService - Synthetic Command Service остановлен
2025-07-18 14:39:46 [main] INFO  r.r.w.y.s.SyntheticHumanCoreApplication - Starting SyntheticHumanCoreApplication using Java 23.0.1 with PID 25816 (D:\Program Files\IntelliJ IDEA\Projects\T1-debut-Weyland-Yutani\synthetic-human-core\target\classes started by zaool in D:\Program Files\IntelliJ IDEA\Projects\T1-debut-Weyland-Yutani)
2025-07-18 14:39:46 [main] INFO  r.r.w.y.s.SyntheticHumanCoreApplication - The following 1 profile is active: "local"
2025-07-18 14:39:47 [main] DEBUG o.s.a.a.a.ReflectiveAspectJAdvisorFactory - Found AspectJ method: public java.lang.Object ru.romanov.weyland.yutani.synthetic.audit.AuditAspect.auditMethod(org.aspectj.lang.ProceedingJoinPoint,ru.romanov.weyland.yutani.synthetic.audit.WeylandWatchingYou) throws java.lang.Throwable
2025-07-18 14:39:47 [main] INFO  o.s.b.w.e.tomcat.TomcatWebServer - Tomcat initialized with port 8080 (http)
2025-07-18 14:39:47 [main] INFO  o.a.catalina.core.StandardService - Starting service [Tomcat]
2025-07-18 14:39:47 [main] INFO  o.a.catalina.core.StandardEngine - Starting Servlet engine: [Apache Tomcat/10.1.42]
2025-07-18 14:39:47 [main] INFO  o.a.c.c.C.[Tomcat].[localhost].[/] - Initializing Spring embedded WebApplicationContext
2025-07-18 14:39:47 [main] INFO  o.s.b.w.s.c.ServletWebServerApplicationContext - Root WebApplicationContext: initialization completed in 1120 ms
2025-07-18 14:39:47 [main] INFO  r.r.w.y.s.service.CommandService - Synthetic Command Service initialized
2025-07-18 14:39:47 [main] INFO  r.r.w.y.s.service.CommandService - Queue size: 1000, Thread pool: 5-10
2025-07-18 14:39:48 [main] INFO  o.s.b.a.e.web.EndpointLinksResolver - Exposing 3 endpoints beneath base path '/actuator'
2025-07-18 14:39:48 [main] INFO  o.s.b.w.e.tomcat.TomcatWebServer - Tomcat started on port 8080 (http) with context path '/'
2025-07-18 14:39:48 [main] INFO  r.r.w.y.s.SyntheticHumanCoreApplication - Started SyntheticHumanCoreApplication in 2.376 seconds (process running for 2.89)
2025-07-18 14:39:48 [RMI TCP Connection(2)-192.168.0.2] INFO  o.a.c.c.C.[Tomcat].[localhost].[/] - Initializing Spring DispatcherServlet 'dispatcherServlet'
2025-07-18 14:39:48 [RMI TCP Connection(2)-192.168.0.2] INFO  o.s.web.servlet.DispatcherServlet - Initializing Servlet 'dispatcherServlet'
2025-07-18 14:39:48 [RMI TCP Connection(2)-192.168.0.2] INFO  o.s.web.servlet.DispatcherServlet - Completed initialization in 1 ms
2025-07-18 14:40:07 [SpringApplicationShutdownHook] INFO  o.s.b.w.e.tomcat.GracefulShutdown - Commencing graceful shutdown. Waiting for active requests to complete
2025-07-18 14:40:07 [tomcat-shutdown] INFO  o.s.b.w.e.tomcat.GracefulShutdown - Graceful shutdown complete
2025-07-18 14:40:07 [SpringApplicationShutdownHook] INFO  r.r.w.y.s.service.CommandService - Synthetic Command Service остановлен
